{"/home/rindra/Bureau/tictactest/test-tictac/src/logic/checkBoard.js": {"path":"/home/rindra/Bureau/tictactest/test-tictac/src/logic/checkBoard.js","statementMap":{"0":{"start":{"line":3,"column":19},"end":{"line":43,"column":4}},"1":{"start":{"line":4,"column":19},"end":{"line":4,"column":39}},"2":{"start":{"line":5,"column":15},"end":{"line":14,"column":3}},"3":{"start":{"line":16,"column":18},"end":{"line":16,"column":79}},"4":{"start":{"line":16,"column":24},"end":{"line":16,"column":79}},"5":{"start":{"line":16,"column":56},"end":{"line":16,"column":78}},"6":{"start":{"line":18,"column":19},"end":{"line":26,"column":3}},"7":{"start":{"line":19,"column":4},"end":{"line":24,"column":5}},"8":{"start":{"line":19,"column":17},"end":{"line":19,"column":18}},"9":{"start":{"line":20,"column":24},"end":{"line":20,"column":31}},"10":{"start":{"line":21,"column":6},"end":{"line":23,"column":7}},"11":{"start":{"line":22,"column":8},"end":{"line":22,"column":27}},"12":{"start":{"line":25,"column":4},"end":{"line":25,"column":17}},"13":{"start":{"line":28,"column":24},"end":{"line":28,"column":94}},"14":{"start":{"line":28,"column":41},"end":{"line":28,"column":93}},"15":{"start":{"line":30,"column":19},"end":{"line":35,"column":3}},"16":{"start":{"line":31,"column":4},"end":{"line":33,"column":5}},"17":{"start":{"line":32,"column":6},"end":{"line":32,"column":18}},"18":{"start":{"line":34,"column":4},"end":{"line":34,"column":17}},"19":{"start":{"line":37,"column":2},"end":{"line":42,"column":4}}},"fnMap":{"0":{"name":"(anonymous_0)","decl":{"start":{"line":3,"column":20},"end":{"line":3,"column":21}},"loc":{"start":{"line":3,"column":26},"end":{"line":43,"column":1}},"line":3},"1":{"name":"(anonymous_1)","decl":{"start":{"line":16,"column":18},"end":{"line":16,"column":19}},"loc":{"start":{"line":16,"column":24},"end":{"line":16,"column":79}},"line":16},"2":{"name":"(anonymous_2)","decl":{"start":{"line":16,"column":38},"end":{"line":16,"column":39}},"loc":{"start":{"line":16,"column":56},"end":{"line":16,"column":78}},"line":16},"3":{"name":"(anonymous_3)","decl":{"start":{"line":18,"column":19},"end":{"line":18,"column":20}},"loc":{"start":{"line":18,"column":25},"end":{"line":26,"column":3}},"line":18},"4":{"name":"(anonymous_4)","decl":{"start":{"line":28,"column":24},"end":{"line":28,"column":25}},"loc":{"start":{"line":28,"column":41},"end":{"line":28,"column":93}},"line":28},"5":{"name":"(anonymous_5)","decl":{"start":{"line":30,"column":19},"end":{"line":30,"column":20}},"loc":{"start":{"line":30,"column":25},"end":{"line":35,"column":3}},"line":30}},"branchMap":{"0":{"loc":{"start":{"line":21,"column":6},"end":{"line":23,"column":7}},"type":"if","locations":[{"start":{"line":21,"column":6},"end":{"line":23,"column":7}},{"start":{"line":21,"column":6},"end":{"line":23,"column":7}}],"line":21},"1":{"loc":{"start":{"line":21,"column":10},"end":{"line":21,"column":93}},"type":"binary-expr","locations":[{"start":{"line":21,"column":10},"end":{"line":21,"column":37}},{"start":{"line":21,"column":41},"end":{"line":21,"column":68}},{"start":{"line":21,"column":72},"end":{"line":21,"column":93}}],"line":21},"2":{"loc":{"start":{"line":28,"column":41},"end":{"line":28,"column":93}},"type":"cond-expr","locations":[{"start":{"line":28,"column":62},"end":{"line":28,"column":76}},{"start":{"line":28,"column":79},"end":{"line":28,"column":93}}],"line":28},"3":{"loc":{"start":{"line":31,"column":4},"end":{"line":33,"column":5}},"type":"if","locations":[{"start":{"line":31,"column":4},"end":{"line":33,"column":5}},{"start":{"line":31,"column":4},"end":{"line":33,"column":5}}],"line":31},"4":{"loc":{"start":{"line":31,"column":8},"end":{"line":31,"column":33}},"type":"binary-expr","locations":[{"start":{"line":31,"column":8},"end":{"line":31,"column":18}},{"start":{"line":31,"column":22},"end":{"line":31,"column":33}}],"line":31}},"s":{"0":1,"1":1,"2":1,"3":1,"4":3,"5":19,"6":1,"7":4,"8":4,"9":18,"10":18,"11":2,"12":2,"13":1,"14":1,"15":1,"16":1,"17":1,"18":0,"19":1},"f":{"0":1,"1":3,"2":19,"3":4,"4":1,"5":1},"b":{"0":[2,16],"1":[18,12,10],"2":[1,0],"3":[1,0],"4":[1,1]},"_coverageSchema":"1a1c01bbd47fc00a2c39e90264f33305004495a9","hash":"c9da1739e3667825c5be17355f89543422de0bae"}
,"/home/rindra/Bureau/tictactest/test-tictac/src/logic/gameBoard.js": {"path":"/home/rindra/Bureau/tictactest/test-tictac/src/logic/gameBoard.js","statementMap":{"0":{"start":{"line":1,"column":18},"end":{"line":36,"column":4}},"1":{"start":{"line":2,"column":20},"end":{"line":2,"column":40}},"2":{"start":{"line":4,"column":19},"end":{"line":4,"column":34}},"3":{"start":{"line":4,"column":25},"end":{"line":4,"column":34}},"4":{"start":{"line":6,"column":21},"end":{"line":6,"column":48}},"5":{"start":{"line":6,"column":27},"end":{"line":6,"column":48}},"6":{"start":{"line":8,"column":19},"end":{"line":8,"column":52}},"7":{"start":{"line":8,"column":33},"end":{"line":8,"column":52}},"8":{"start":{"line":10,"column":20},"end":{"line":13,"column":3}},"9":{"start":{"line":11,"column":19},"end":{"line":11,"column":57}},"10":{"start":{"line":11,"column":44},"end":{"line":11,"column":56}},"11":{"start":{"line":12,"column":4},"end":{"line":12,"column":46}},"12":{"start":{"line":12,"column":34},"end":{"line":12,"column":41}},"13":{"start":{"line":15,"column":20},"end":{"line":18,"column":3}},"14":{"start":{"line":16,"column":19},"end":{"line":16,"column":57}},"15":{"start":{"line":16,"column":44},"end":{"line":16,"column":56}},"16":{"start":{"line":17,"column":4},"end":{"line":17,"column":46}},"17":{"start":{"line":17,"column":34},"end":{"line":17,"column":41}},"18":{"start":{"line":20,"column":20},"end":{"line":20,"column":52}},"19":{"start":{"line":20,"column":26},"end":{"line":20,"column":52}},"20":{"start":{"line":21,"column":19},"end":{"line":27,"column":3}},"21":{"start":{"line":22,"column":4},"end":{"line":26,"column":5}},"22":{"start":{"line":23,"column":6},"end":{"line":23,"column":32}},"23":{"start":{"line":25,"column":6},"end":{"line":25,"column":32}},"24":{"start":{"line":29,"column":2},"end":{"line":35,"column":4}}},"fnMap":{"0":{"name":"(anonymous_0)","decl":{"start":{"line":1,"column":19},"end":{"line":1,"column":20}},"loc":{"start":{"line":1,"column":25},"end":{"line":36,"column":1}},"line":1},"1":{"name":"(anonymous_1)","decl":{"start":{"line":4,"column":19},"end":{"line":4,"column":20}},"loc":{"start":{"line":4,"column":25},"end":{"line":4,"column":34}},"line":4},"2":{"name":"(anonymous_2)","decl":{"start":{"line":6,"column":21},"end":{"line":6,"column":22}},"loc":{"start":{"line":6,"column":27},"end":{"line":6,"column":48}},"line":6},"3":{"name":"(anonymous_3)","decl":{"start":{"line":8,"column":19},"end":{"line":8,"column":20}},"loc":{"start":{"line":8,"column":33},"end":{"line":8,"column":52}},"line":8},"4":{"name":"(anonymous_4)","decl":{"start":{"line":10,"column":20},"end":{"line":10,"column":21}},"loc":{"start":{"line":10,"column":26},"end":{"line":13,"column":3}},"line":10},"5":{"name":"(anonymous_5)","decl":{"start":{"line":11,"column":36},"end":{"line":11,"column":37}},"loc":{"start":{"line":11,"column":44},"end":{"line":11,"column":56}},"line":11},"6":{"name":"(anonymous_6)","decl":{"start":{"line":12,"column":25},"end":{"line":12,"column":26}},"loc":{"start":{"line":12,"column":34},"end":{"line":12,"column":41}},"line":12},"7":{"name":"(anonymous_7)","decl":{"start":{"line":15,"column":20},"end":{"line":15,"column":21}},"loc":{"start":{"line":15,"column":26},"end":{"line":18,"column":3}},"line":15},"8":{"name":"(anonymous_8)","decl":{"start":{"line":16,"column":36},"end":{"line":16,"column":37}},"loc":{"start":{"line":16,"column":44},"end":{"line":16,"column":56}},"line":16},"9":{"name":"(anonymous_9)","decl":{"start":{"line":17,"column":25},"end":{"line":17,"column":26}},"loc":{"start":{"line":17,"column":34},"end":{"line":17,"column":41}},"line":17},"10":{"name":"(anonymous_10)","decl":{"start":{"line":20,"column":20},"end":{"line":20,"column":21}},"loc":{"start":{"line":20,"column":26},"end":{"line":20,"column":52}},"line":20},"11":{"name":"(anonymous_11)","decl":{"start":{"line":21,"column":19},"end":{"line":21,"column":20}},"loc":{"start":{"line":21,"column":33},"end":{"line":27,"column":3}},"line":21}},"branchMap":{"0":{"loc":{"start":{"line":22,"column":4},"end":{"line":26,"column":5}},"type":"if","locations":[{"start":{"line":22,"column":4},"end":{"line":26,"column":5}},{"start":{"line":22,"column":4},"end":{"line":26,"column":5}}],"line":22}},"s":{"0":3,"1":3,"2":3,"3":3,"4":3,"5":1,"6":3,"7":1,"8":3,"9":29,"10":261,"11":29,"12":71,"13":3,"14":29,"15":261,"16":29,"17":84,"18":3,"19":29,"20":3,"21":26,"22":14,"23":12,"24":3},"f":{"0":3,"1":3,"2":1,"3":1,"4":29,"5":261,"6":71,"7":29,"8":261,"9":84,"10":29,"11":26},"b":{"0":[14,12]},"_coverageSchema":"1a1c01bbd47fc00a2c39e90264f33305004495a9","hash":"5496522c846e744b88d7c5a647d3cb1fcc997230"}
,"/home/rindra/Bureau/tictactest/test-tictac/src/logic/player.js": {"path":"/home/rindra/Bureau/tictactest/test-tictac/src/logic/player.js","statementMap":{"0":{"start":{"line":3,"column":15},"end":{"line":11,"column":1}},"1":{"start":{"line":4,"column":18},"end":{"line":4,"column":28}},"2":{"start":{"line":4,"column":24},"end":{"line":4,"column":28}},"3":{"start":{"line":6,"column":19},"end":{"line":6,"column":87}},"4":{"start":{"line":6,"column":32},"end":{"line":6,"column":86}},"5":{"start":{"line":7,"column":2},"end":{"line":10,"column":4}}},"fnMap":{"0":{"name":"(anonymous_0)","decl":{"start":{"line":3,"column":15},"end":{"line":3,"column":16}},"loc":{"start":{"line":3,"column":25},"end":{"line":11,"column":1}},"line":3},"1":{"name":"(anonymous_1)","decl":{"start":{"line":4,"column":18},"end":{"line":4,"column":19}},"loc":{"start":{"line":4,"column":24},"end":{"line":4,"column":28}},"line":4},"2":{"name":"(anonymous_2)","decl":{"start":{"line":6,"column":19},"end":{"line":6,"column":20}},"loc":{"start":{"line":6,"column":32},"end":{"line":6,"column":86}},"line":6}},"branchMap":{"0":{"loc":{"start":{"line":6,"column":32},"end":{"line":6,"column":86}},"type":"cond-expr","locations":[{"start":{"line":6,"column":56},"end":{"line":6,"column":65}},{"start":{"line":6,"column":68},"end":{"line":6,"column":86}}],"line":6}},"s":{"0":2,"1":4,"2":5,"3":4,"4":2,"5":4},"f":{"0":4,"1":5,"2":2},"b":{"0":[1,1]},"_coverageSchema":"1a1c01bbd47fc00a2c39e90264f33305004495a9","hash":"255b7168964da69c411e4474f95260fac11051a4"}
}
