TN:
SF:src/logic/checkBoard.js
FN:3,(anonymous_0)
FN:16,(anonymous_1)
FN:16,(anonymous_2)
FN:18,(anonymous_3)
FN:28,(anonymous_4)
FN:30,(anonymous_5)
FNF:6
FNH:6
FNDA:1,(anonymous_0)
FNDA:3,(anonymous_1)
FNDA:19,(anonymous_2)
FNDA:4,(anonymous_3)
FNDA:1,(anonymous_4)
FNDA:1,(anonymous_5)
DA:3,1
DA:4,1
DA:5,1
DA:16,19
DA:18,1
DA:19,4
DA:20,18
DA:21,18
DA:22,2
DA:25,2
DA:28,1
DA:30,1
DA:31,1
DA:32,1
DA:34,0
DA:37,1
LF:16
LH:15
BRDA:21,0,0,2
BRDA:21,0,1,16
BRDA:21,1,0,18
BRDA:21,1,1,12
BRDA:21,1,2,10
BRDA:28,2,0,1
BRDA:28,2,1,0
BRDA:31,3,0,1
BRDA:31,3,1,0
BRDA:31,4,0,1
BRDA:31,4,1,1
BRF:11
BRH:9
end_of_record
TN:
SF:src/logic/gameBoard.js
FN:1,(anonymous_0)
FN:4,(anonymous_1)
FN:6,(anonymous_2)
FN:8,(anonymous_3)
FN:10,(anonymous_4)
FN:11,(anonymous_5)
FN:12,(anonymous_6)
FN:15,(anonymous_7)
FN:16,(anonymous_8)
FN:17,(anonymous_9)
FN:20,(anonymous_10)
FN:21,(anonymous_11)
FNF:12
FNH:12
FNDA:3,(anonymous_0)
FNDA:2,(anonymous_1)
FNDA:1,(anonymous_2)
FNDA:1,(anonymous_3)
FNDA:29,(anonymous_4)
FNDA:261,(anonymous_5)
FNDA:71,(anonymous_6)
FNDA:29,(anonymous_7)
FNDA:261,(anonymous_8)
FNDA:84,(anonymous_9)
FNDA:29,(anonymous_10)
FNDA:26,(anonymous_11)
DA:1,3
DA:2,3
DA:4,3
DA:6,3
DA:8,3
DA:10,3
DA:11,261
DA:12,71
DA:15,3
DA:16,261
DA:17,84
DA:20,29
DA:21,3
DA:22,26
DA:23,14
DA:25,12
DA:29,3
LF:17
LH:17
BRDA:22,0,0,14
BRDA:22,0,1,12
BRF:2
BRH:2
end_of_record
TN:
SF:src/logic/player.js
FN:3,(anonymous_0)
FN:4,(anonymous_1)
FN:6,(anonymous_2)
FNF:3
FNH:3
FNDA:4,(anonymous_0)
FNDA:5,(anonymous_1)
FNDA:2,(anonymous_2)
DA:3,2
DA:4,5
DA:6,4
DA:7,4
LF:4
LH:4
BRDA:6,0,0,1
BRDA:6,0,1,1
BRF:2
BRH:2
end_of_record
